==============================================================================
==============================================================================
====================================NEW SESSION===============================
==============================================================================
==============================================================================
********
epoch: 1     time: 801
train_loss: 0.03372500617267275
SHAPE: (512, 512)
********
epoch: 2     time: 1596
train_loss: 0.03362030785258005
SHAPE: (512, 512)
********
epoch: 3     time: 2390
train_loss: 0.032892192972182224
SHAPE: (512, 512)
********
epoch: 4     time: 3183
train_loss: 0.03297659320844
SHAPE: (512, 512)
********
epoch: 5     time: 3992
train_loss: 0.03252146230051283
SHAPE: (512, 512)
********
epoch: 6     time: 4807
train_loss: 0.032977226821958375
SHAPE: (512, 512)
********
epoch: 7     time: 5615
train_loss: 0.031442680254149265
SHAPE: (512, 512)
********
epoch: 8     time: 6424
train_loss: 0.030716618531945947
SHAPE: (512, 512)
********
epoch: 9     time: 7233
train_loss: 0.03018583748422536
SHAPE: (512, 512)
********
epoch: 10     time: 8043
train_loss: 0.030218234014029906
SHAPE: (512, 512)
********
epoch: 11     time: 8840
train_loss: 0.029847207157185026
SHAPE: (512, 512)
********
epoch: 12     time: 9635
train_loss: 0.0306829784684876
SHAPE: (512, 512)
********
epoch: 13     time: 10430
train_loss: 0.030246822116505197
SHAPE: (512, 512)
********
epoch: 14     time: 11224
train_loss: 0.029537286376860105
SHAPE: (512, 512)
********
epoch: 15     time: 12015
train_loss: 0.02979029058327838
SHAPE: (512, 512)
********
epoch: 16     time: 12807
train_loss: 0.028735251700346853
SHAPE: (512, 512)
********
epoch: 17     time: 13600
train_loss: 0.029868323076404586
SHAPE: (512, 512)
********
epoch: 18     time: 14391
train_loss: 0.029245524098123966
SHAPE: (512, 512)
********
epoch: 19     time: 15181
train_loss: 0.028168706658283988
SHAPE: (512, 512)
********
epoch: 20     time: 15972
train_loss: 0.027845803498416817
SHAPE: (512, 512)
********
epoch: 21     time: 16761
train_loss: 0.027415057865618802
SHAPE: (512, 512)
********
epoch: 22     time: 17551
train_loss: 0.02816218391870286
SHAPE: (512, 512)
********
epoch: 23     time: 18340
train_loss: 0.02774700664413147
SHAPE: (512, 512)
********
epoch: 24     time: 19127
train_loss: 0.02797146322091623
SHAPE: (512, 512)
********
epoch: 25     time: 19915
train_loss: 0.027541703365671605
SHAPE: (512, 512)
update learning rate: 0.000200 -> 0.000040
********
epoch: 26     time: 20702
train_loss: 0.024798793099945832
SHAPE: (512, 512)
********
epoch: 27     time: 21492
train_loss: 0.02342028023355326
SHAPE: (512, 512)
********
epoch: 28     time: 22282
train_loss: 0.02238336029839294
SHAPE: (512, 512)
********
epoch: 29     time: 23073
train_loss: 0.02245832162396032
SHAPE: (512, 512)
********
epoch: 30     time: 23858
train_loss: 0.02152396463045553
SHAPE: (512, 512)
********
epoch: 31     time: 24643
train_loss: 0.021925622536962917
SHAPE: (512, 512)
********
epoch: 32     time: 25428
train_loss: 0.021693586311465195
SHAPE: (512, 512)
********
epoch: 33     time: 26214
train_loss: 0.021176131189513465
SHAPE: (512, 512)
********
epoch: 34     time: 27008
train_loss: 0.021143817923077585
SHAPE: (512, 512)
********
epoch: 35     time: 27800
train_loss: 0.020872376934096378
SHAPE: (512, 512)
********
epoch: 36     time: 28589
train_loss: 0.02063552617058516
SHAPE: (512, 512)
********
epoch: 37     time: 29375
train_loss: 0.020577560778201914
SHAPE: (512, 512)
********
epoch: 38     time: 30160
train_loss: 0.020151989478595547
SHAPE: (512, 512)
********
epoch: 39     time: 30945
train_loss: 0.020457994813906723
SHAPE: (512, 512)
********
epoch: 40     time: 31730
train_loss: 0.020206609029783492
SHAPE: (512, 512)
********
epoch: 41     time: 32514
train_loss: 0.02004336224844297
SHAPE: (512, 512)
********
epoch: 42     time: 33297
train_loss: 0.019705746255229178
SHAPE: (512, 512)
********
epoch: 43     time: 34082
train_loss: 0.01985987845197821
SHAPE: (512, 512)
********
epoch: 44     time: 34874
train_loss: 0.01961545506324552
SHAPE: (512, 512)
********
epoch: 45     time: 35667
train_loss: 0.019841252747332814
SHAPE: (512, 512)
********
epoch: 46     time: 36456
train_loss: 0.019783453848145876
SHAPE: (512, 512)
********
epoch: 47     time: 37248
train_loss: 0.019478020381231625
SHAPE: (512, 512)
********
epoch: 48     time: 38040
train_loss: 0.01912895292893392
SHAPE: (512, 512)
********
epoch: 49     time: 38831
train_loss: 0.019409593309880662
SHAPE: (512, 512)
