==============================================================================
==============================================================================
====================================NEW SESSION===============================
==============================================================================
==============================================================================
********
epoch: 1     time: 772
train_loss: 0.09277102786998431
SHAPE: (512, 512)
********
epoch: 2     time: 1544
train_loss: 0.08416186325086587
SHAPE: (512, 512)
********
epoch: 3     time: 2314
train_loss: 0.08319148393113072
SHAPE: (512, 512)
********
epoch: 4     time: 3085
train_loss: 0.0766791147845132
SHAPE: (512, 512)
********
epoch: 5     time: 3856
train_loss: 0.07386323093075534
SHAPE: (512, 512)
********
epoch: 6     time: 4626
train_loss: 0.07077836997064652
SHAPE: (512, 512)
********
epoch: 7     time: 5397
train_loss: 0.07272542716481355
SHAPE: (512, 512)
********
epoch: 8     time: 6166
train_loss: 0.06665513445796514
SHAPE: (512, 512)
********
epoch: 9     time: 6937
train_loss: 0.06430320228849139
SHAPE: (512, 512)
********
epoch: 10     time: 7707
train_loss: 0.06375469599312701
SHAPE: (512, 512)
********
epoch: 11     time: 8478
train_loss: 0.061417855557148196
SHAPE: (512, 512)
********
epoch: 12     time: 9248
train_loss: 0.06077560635411045
SHAPE: (512, 512)
********
epoch: 13     time: 10018
train_loss: 0.059323604299160254
SHAPE: (512, 512)
********
epoch: 14     time: 10789
train_loss: 0.057377047117325476
SHAPE: (512, 512)
********
epoch: 15     time: 11560
train_loss: 0.05545192733205774
SHAPE: (512, 512)
********
epoch: 16     time: 12330
train_loss: 0.05553908052430505
SHAPE: (512, 512)
********
epoch: 17     time: 13101
train_loss: 0.05383184594118974
SHAPE: (512, 512)
********
epoch: 18     time: 13871
train_loss: 0.05295636619263444
SHAPE: (512, 512)
********
epoch: 19     time: 14642
train_loss: 0.050869659294842745
SHAPE: (512, 512)
********
epoch: 20     time: 15412
train_loss: 0.04963650686067103
SHAPE: (512, 512)
********
epoch: 21     time: 16183
train_loss: 0.05166987348392624
SHAPE: (512, 512)
********
epoch: 22     time: 16953
train_loss: 0.048489359016826494
SHAPE: (512, 512)
********
epoch: 23     time: 17724
train_loss: 0.046939467325905
SHAPE: (512, 512)
********
epoch: 24     time: 18492
train_loss: 0.046508257004230016
SHAPE: (512, 512)
********
epoch: 25     time: 19261
train_loss: 0.04523132640995881
SHAPE: (512, 512)
********
epoch: 26     time: 20030
train_loss: 0.0452395411795799
SHAPE: (512, 512)
********
epoch: 27     time: 20798
train_loss: 0.04336574485207967
SHAPE: (512, 512)
********
epoch: 28     time: 21566
train_loss: 0.04323404430638717
SHAPE: (512, 512)
********
epoch: 29     time: 22334
train_loss: 0.042803299701621694
SHAPE: (512, 512)
********
epoch: 30     time: 23102
train_loss: 0.041703175086447566
SHAPE: (512, 512)
********
epoch: 31     time: 23870
train_loss: 0.04001015003397167
SHAPE: (512, 512)
********
epoch: 32     time: 24638
train_loss: 0.040955781275328215
SHAPE: (512, 512)
********
epoch: 33     time: 25407
train_loss: 0.0403573297954747
SHAPE: (512, 512)
********
epoch: 34     time: 26174
train_loss: 0.0385092669801109
SHAPE: (512, 512)
********
epoch: 35     time: 26942
train_loss: 0.038738152065335596
SHAPE: (512, 512)
********
epoch: 36     time: 27708
train_loss: 0.038471210841313094
SHAPE: (512, 512)
********
epoch: 37     time: 28475
train_loss: 0.037745392543128455
SHAPE: (512, 512)
********
epoch: 38     time: 29243
train_loss: 0.037232842888920106
SHAPE: (512, 512)
********
epoch: 39     time: 30014
train_loss: 0.03549443644394322
SHAPE: (512, 512)
********
epoch: 40     time: 30785
train_loss: 0.034748268476379914
SHAPE: (512, 512)
********
epoch: 41     time: 31554
train_loss: 0.035721867198811
SHAPE: (512, 512)
********
epoch: 42     time: 32321
train_loss: 0.035314668456846034
SHAPE: (512, 512)
********
epoch: 43     time: 33092
train_loss: 0.03436407528813182
SHAPE: (512, 512)
********
epoch: 44     time: 33864
train_loss: 0.03342296895576643
SHAPE: (512, 512)
********
epoch: 45     time: 34635
train_loss: 0.03357156705531087
SHAPE: (512, 512)
********
epoch: 46     time: 35406
train_loss: 0.032470845484307835
SHAPE: (512, 512)
********
epoch: 47     time: 36177
train_loss: 0.032539934126183945
SHAPE: (512, 512)
********
epoch: 48     time: 36949
train_loss: 0.03217333197171072
SHAPE: (512, 512)
